<?xml version="1.0" encoding="UTF-8"?>
<!-- Generated by org.testng.reporters.JUnitXMLReporter -->
<testsuite ignored="0" hostname="Admin-PC" failures="0" tests="7" name="Default test" time="137.686" errors="0" timestamp="2022-07-24T13:49:38 IST">
  <testcase classname="testPkg.VerifyWankhede" name="searchStadium" time="17.716"/>
  <testcase classname="testPkg.VerifyWankhede" name="verifyName" time="6.777"/>
  <testcase classname="testPkg.VerifyWankhede" name="verifyTitle" time="0.07"/>
  <testcase classname="testPkg.VerifyWankhede" name="ratingPointAndReviews" time="8.941"/>
  <testcase classname="testPkg.VerifyWankhede" name="verifyLink" time="0.211"/>
  <testcase classname="testPkg.VerifyWankhede" name="printAddress" time="0.272"/>
  <testcase classname="testPkg.VerifyWankhede" name="verifyPhoneNumber" time="0.893"/>
</testsuite> <!-- Default test -->
